# JRE version: OpenJDK Runtime Environment Temurin-17.0.9+9 (17.0.9+9) (build 17.0.9+9)
# Java VM: OpenJDK 64-Bit Server VM Temurin-17.0.9+9 (17.0.9+9, mixed mode, tiered, compressed oops, compressed class ptrs, parallel gc, windows-amd64)
GC Precious Log:
 CPUs: 20 total, 20 available
 Memory: 16068M
 Large Page Support: Disabled
 NUMA Support: Disabled
 Compressed Oops: Enabled (32-bit)
 Alignments: Space 512K, Generation 512K, Heap 2M
 Heap Min Capacity: 100M
 Heap Initial Capacity: 100M
 Heap Max Capacity: 1G
 Pre-touch: Disabled
 Parallel Workers: 15
Heap:
 PSYoungGen      total 17408K, used 8155K [0x00000000eab00000, 0x00000000ec100000, 0x0000000100000000)
  eden space 13824K, 33% used [0x00000000eab00000,0x00000000eaf7e450,0x00000000eb880000)
  from space 3584K, 99% used [0x00000000ebc80000,0x00000000ebff89a0,0x00000000ec000000)
  to   space 4096K, 0% used [0x00000000eb880000,0x00000000eb880000,0x00000000ebc80000)
 ParOldGen       total 148992K, used 103080K [0x00000000c0000000, 0x00000000c9180000, 0x00000000eab00000)
  object space 148992K, 69% used [0x00000000c0000000,0x00000000c64aa370,0x00000000c9180000)
 Metaspace       used 86377K, committed 87552K, reserved 1179648K
  class space    used 9599K, committed 10112K, reserved 1048576K
GC Heap History (20 events):
Event: 19.024 GC heap before
{Heap before GC invocations=89 (full 7):
 PSYoungGen      total 18944K, used 18507K [0x00000000eab00000, 0x00000000ec100000, 0x0000000100000000)
  eden space 15360K, 100% used [0x00000000eab00000,0x00000000eba00000,0x00000000eba00000)
  from space 3584K, 87% used [0x00000000ebd80000,0x00000000ec092e00,0x00000000ec100000)
  to   space 3584K, 0% used [0x00000000eba00000,0x00000000eba00000,0x00000000ebd80000)
 ParOldGen       total 148992K, used 99241K [0x00000000c0000000, 0x00000000c9180000, 0x00000000eab00000)
  object space 148992K, 66% used [0x00000000c0000000,0x00000000c60ea748,0x00000000c9180000)
 Metaspace       used 84002K, committed 85248K, reserved 1179648K
  class space    used 9426K, committed 9984K, reserved 1048576K
}
Event: 19.025 GC heap after
{Heap after GC invocations=89 (full 7):
 PSYoungGen      total 16896K, used 1206K [0x00000000eab00000, 0x00000000ebe00000, 0x0000000100000000)
  eden space 15360K, 0% used [0x00000000eab00000,0x00000000eab00000,0x00000000eba00000)
  from space 1536K, 78% used [0x00000000eba00000,0x00000000ebb2d808,0x00000000ebb80000)
  to   space 2048K, 0% used [0x00000000ebc00000,0x00000000ebc00000,0x00000000ebe00000)
 ParOldGen       total 148992K, used 99249K [0x00000000c0000000, 0x00000000c9180000, 0x00000000eab00000)
  object space 148992K, 66% used [0x00000000c0000000,0x00000000c60ec748,0x00000000c9180000)
 Metaspace       used 84002K, committed 85248K, reserved 1179648K
  class space    used 9426K, committed 9984K, reserved 1048576K
}
Event: 19.120 GC heap before
{Heap before GC invocations=90 (full 7):
 PSYoungGen      total 16896K, used 16566K [0x00000000eab00000, 0x00000000ebe00000, 0x0000000100000000)
  eden space 15360K, 100% used [0x00000000eab00000,0x00000000eba00000,0x00000000eba00000)
  from space 1536K, 78% used [0x00000000eba00000,0x00000000ebb2d808,0x00000000ebb80000)
  to   space 2048K, 0% used [0x00000000ebc00000,0x00000000ebc00000,0x00000000ebe00000)
 ParOldGen       total 148992K, used 99249K [0x00000000c0000000, 0x00000000c9180000, 0x00000000eab00000)
  object space 148992K, 66% used [0x00000000c0000000,0x00000000c60ec748,0x00000000c9180000)
 Metaspace       used 84011K, committed 85248K, reserved 1179648K
  class space    used 9428K, committed 9984K, reserved 1048576K
}
Event: 19.121 GC heap after
{Heap after GC invocations=90 (full 7):
 PSYoungGen      total 16896K, used 1362K [0x00000000eab00000, 0x00000000ebd80000, 0x0000000100000000)
  eden space 15360K, 0% used [0x00000000eab00000,0x00000000eab00000,0x00000000eba00000)
  from space 1536K, 88% used [0x00000000ebc00000,0x00000000ebd54ae0,0x00000000ebd80000)
  to   space 1536K, 0% used [0x00000000eba00000,0x00000000eba00000,0x00000000ebb80000)
 ParOldGen       total 148992K, used 99257K [0x00000000c0000000, 0x00000000c9180000, 0x00000000eab00000)
  object space 148992K, 66% used [0x00000000c0000000,0x00000000c60ee748,0x00000000c9180000)
 Metaspace       used 84011K, committed 85248K, reserved 1179648K
  class space    used 9428K, committed 9984K, reserved 1048576K
}
Event: 19.221 GC heap before
{Heap before GC invocations=91 (full 7):
 PSYoungGen      total 16896K, used 16722K [0x00000000eab00000, 0x00000000ebd80000, 0x0000000100000000)
  eden space 15360K, 100% used [0x00000000eab00000,0x00000000eba00000,0x00000000eba00000)
  from space 1536K, 88% used [0x00000000ebc00000,0x00000000ebd54ae0,0x00000000ebd80000)
  to   space 1536K, 0% used [0x00000000eba00000,0x00000000eba00000,0x00000000ebb80000)
 ParOldGen       total 148992K, used 99257K [0x00000000c0000000, 0x00000000c9180000, 0x00000000eab00000)
  object space 148992K, 66% used [0x00000000c0000000,0x00000000c60ee748,0x00000000c9180000)
 Metaspace       used 84034K, committed 85248K, reserved 1179648K
  class space    used 9431K, committed 9984K, reserved 1048576K
}
Event: 19.222 GC heap after
{Heap after GC invocations=91 (full 7):
 PSYoungGen      total 16896K, used 1302K [0x00000000eab00000, 0x00000000ebd00000, 0x0000000100000000)
  eden space 15360K, 0% used [0x00000000eab00000,0x00000000eab00000,0x00000000eba00000)
  from space 1536K, 84% used [0x00000000eba00000,0x00000000ebb45808,0x00000000ebb80000)
  to   space 1536K, 0% used [0x00000000ebb80000,0x00000000ebb80000,0x00000000ebd00000)
 ParOldGen       total 148992K, used 99265K [0x00000000c0000000, 0x00000000c9180000, 0x00000000eab00000)
  object space 148992K, 66% used [0x00000000c0000000,0x00000000c60f0748,0x00000000c9180000)
 Metaspace       used 84034K, committed 85248K, reserved 1179648K
  class space    used 9431K, committed 9984K, reserved 1048576K
}
Event: 19.273 GC heap before
{Heap before GC invocations=92 (full 7):
 PSYoungGen      total 16896K, used 16662K [0x00000000eab00000, 0x00000000ebd00000, 0x0000000100000000)
  eden space 15360K, 100% used [0x00000000eab00000,0x00000000eba00000,0x00000000eba00000)
  from space 1536K, 84% used [0x00000000eba00000,0x00000000ebb45808,0x00000000ebb80000)
  to   space 1536K, 0% used [0x00000000ebb80000,0x00000000ebb80000,0x00000000ebd00000)
 ParOldGen       total 148992K, used 99265K [0x00000000c0000000, 0x00000000c9180000, 0x00000000eab00000)
  object space 148992K, 66% used [0x00000000c0000000,0x00000000c60f0748,0x00000000c9180000)
 Metaspace       used 84068K, committed 85312K, reserved 1179648K
  class space    used 9434K, committed 9984K, reserved 1048576K
}
Event: 19.274 GC heap after
{Heap after GC invocations=92 (full 7):
 PSYoungGen      total 16384K, used 1515K [0x00000000eab00000, 0x00000000ebe00000, 0x0000000100000000)
  eden space 14848K, 0% used [0x00000000eab00000,0x00000000eab00000,0x00000000eb980000)
  from space 1536K, 98% used [0x00000000ebb80000,0x00000000ebcfad10,0x00000000ebd00000)
  to   space 2048K, 0% used [0x00000000eb980000,0x00000000eb980000,0x00000000ebb80000)
 ParOldGen       total 148992K, used 99554K [0x00000000c0000000, 0x00000000c9180000, 0x00000000eab00000)
  object space 148992K, 66% used [0x00000000c0000000,0x00000000c6138b88,0x00000000c9180000)
 Metaspace       used 84068K, committed 85312K, reserved 1179648K
  class space    used 9434K, committed 9984K, reserved 1048576K
}
Event: 19.370 GC heap before
{Heap before GC invocations=93 (full 7):
 PSYoungGen      total 16384K, used 16363K [0x00000000eab00000, 0x00000000ebe00000, 0x0000000100000000)
  eden space 14848K, 100% used [0x00000000eab00000,0x00000000eb980000,0x00000000eb980000)
  from space 1536K, 98% used [0x00000000ebb80000,0x00000000ebcfad10,0x00000000ebd00000)
  to   space 2048K, 0% used [0x00000000eb980000,0x00000000eb980000,0x00000000ebb80000)
 ParOldGen       total 148992K, used 99554K [0x00000000c0000000, 0x00000000c9180000, 0x00000000eab00000)
  object space 148992K, 66% used [0x00000000c0000000,0x00000000c6138b88,0x00000000c9180000)
 Metaspace       used 84232K, committed 85440K, reserved 1179648K
  class space    used 9439K, committed 9984K, reserved 1048576K
}
Event: 19.371 GC heap after
{Heap after GC invocations=93 (full 7):
 PSYoungGen      total 16896K, used 2020K [0x00000000eab00000, 0x00000000ec080000, 0x0000000100000000)
  eden space 14848K, 0% used [0x00000000eab00000,0x00000000eab00000,0x00000000eb980000)
  from space 2048K, 98% used [0x00000000eb980000,0x00000000ebb79008,0x00000000ebb80000)
  to   space 3584K, 0% used [0x00000000ebd00000,0x00000000ebd00000,0x00000000ec080000)
 ParOldGen       total 148992K, used 100599K [0x00000000c0000000, 0x00000000c9180000, 0x00000000eab00000)
  object space 148992K, 67% used [0x00000000c0000000,0x00000000c623deb8,0x00000000c9180000)
 Metaspace       used 84232K, committed 85440K, reserved 1179648K
  class space    used 9439K, committed 9984K, reserved 1048576K
}
Event: 19.577 GC heap before
{Heap before GC invocations=94 (full 7):
 PSYoungGen      total 16896K, used 16868K [0x00000000eab00000, 0x00000000ec080000, 0x0000000100000000)
  eden space 14848K, 100% used [0x00000000eab00000,0x00000000eb980000,0x00000000eb980000)
  from space 2048K, 98% used [0x00000000eb980000,0x00000000ebb79008,0x00000000ebb80000)
  to   space 3584K, 0% used [0x00000000ebd00000,0x00000000ebd00000,0x00000000ec080000)
 ParOldGen       total 148992K, used 100599K [0x00000000c0000000, 0x00000000c9180000, 0x00000000eab00000)
  object space 148992K, 67% used [0x00000000c0000000,0x00000000c623deb8,0x00000000c9180000)
 Metaspace       used 85490K, committed 86656K, reserved 1179648K
  class space    used 9546K, committed 10048K, reserved 1048576K
}
Event: 19.579 GC heap after
{Heap after GC invocations=94 (full 7):
 PSYoungGen      total 18432K, used 3279K [0x00000000eab00000, 0x00000000ec080000, 0x0000000100000000)
  eden space 14848K, 0% used [0x00000000eab00000,0x00000000eab00000,0x00000000eb980000)
  from space 3584K, 91% used [0x00000000ebd00000,0x00000000ec033e08,0x00000000ec080000)
  to   space 3584K, 0% used [0x00000000eb980000,0x00000000eb980000,0x00000000ebd00000)
 ParOldGen       total 148992K, used 100647K [0x00000000c0000000, 0x00000000c9180000, 0x00000000eab00000)
  object space 148992K, 67% used [0x00000000c0000000,0x00000000c6249eb8,0x00000000c9180000)
 Metaspace       used 85490K, committed 86656K, reserved 1179648K
  class space    used 9546K, committed 10048K, reserved 1048576K
}
Event: 19.982 GC heap before
{Heap before GC invocations=95 (full 7):
 PSYoungGen      total 18432K, used 18127K [0x00000000eab00000, 0x00000000ec080000, 0x0000000100000000)
  eden space 14848K, 100% used [0x00000000eab00000,0x00000000eb980000,0x00000000eb980000)
  from space 3584K, 91% used [0x00000000ebd00000,0x00000000ec033e08,0x00000000ec080000)
  to   space 3584K, 0% used [0x00000000eb980000,0x00000000eb980000,0x00000000ebd00000)
 ParOldGen       total 148992K, used 100647K [0x00000000c0000000, 0x00000000c9180000, 0x00000000eab00000)
  object space 148992K, 67% used [0x00000000c0000000,0x00000000c6249eb8,0x00000000c9180000)
 Metaspace       used 85685K, committed 86912K, reserved 1179648K
  class space    used 9570K, committed 10112K, reserved 1048576K
}
Event: 19.986 GC heap after
{Heap after GC invocations=95 (full 7):
 PSYoungGen      total 18432K, used 3576K [0x00000000eab00000, 0x00000000ec180000, 0x0000000100000000)
  eden space 14848K, 0% used [0x00000000eab00000,0x00000000eab00000,0x00000000eb980000)
  from space 3584K, 99% used [0x00000000eb980000,0x00000000ebcfe208,0x00000000ebd00000)
  to   space 4096K, 0% used [0x00000000ebd80000,0x00000000ebd80000,0x00000000ec180000)
 ParOldGen       total 148992K, used 100716K [0x00000000c0000000, 0x00000000c9180000, 0x00000000eab00000)
  object space 148992K, 67% used [0x00000000c0000000,0x00000000c625b0f0,0x00000000c9180000)
 Metaspace       used 85685K, committed 86912K, reserved 1179648K
  class space    used 9570K, committed 10112K, reserved 1048576K
}
Event: 20.023 GC heap before
{Heap before GC invocations=96 (full 7):
 PSYoungGen      total 18432K, used 18424K [0x00000000eab00000, 0x00000000ec180000, 0x0000000100000000)
  eden space 14848K, 100% used [0x00000000eab00000,0x00000000eb980000,0x00000000eb980000)
  from space 3584K, 99% used [0x00000000eb980000,0x00000000ebcfe208,0x00000000ebd00000)
  to   space 4096K, 0% used [0x00000000ebd80000,0x00000000ebd80000,0x00000000ec180000)
 ParOldGen       total 148992K, used 100716K [0x00000000c0000000, 0x00000000c9180000, 0x00000000eab00000)
  object space 148992K, 67% used [0x00000000c0000000,0x00000000c625b0f0,0x00000000c9180000)
 Metaspace       used 85802K, committed 87040K, reserved 1179648K
  class space    used 9570K, committed 10112K, reserved 1048576K
}
Event: 20.025 GC heap after
{Heap after GC invocations=96 (full 7):
 PSYoungGen      total 18432K, used 4067K [0x00000000eab00000, 0x00000000ec280000, 0x0000000100000000)
  eden space 14336K, 0% used [0x00000000eab00000,0x00000000eab00000,0x00000000eb900000)
  from space 4096K, 99% used [0x00000000ebd80000,0x00000000ec178d00,0x00000000ec180000)
  to   space 4608K, 0% used [0x00000000eb900000,0x00000000eb900000,0x00000000ebd80000)
 ParOldGen       total 148992K, used 100796K [0x00000000c0000000, 0x00000000c9180000, 0x00000000eab00000)
  object space 148992K, 67% used [0x00000000c0000000,0x00000000c626f0f0,0x00000000c9180000)
 Metaspace       used 85802K, committed 87040K, reserved 1179648K
  class space    used 9570K, committed 10112K, reserved 1048576K
}
Event: 12065.200 GC heap before
{Heap before GC invocations=97 (full 7):
 PSYoungGen      total 18432K, used 18362K [0x00000000eab00000, 0x00000000ec280000, 0x0000000100000000)
  eden space 14336K, 99% used [0x00000000eab00000,0x00000000eb8f5ea0,0x00000000eb900000)
  from space 4096K, 99% used [0x00000000ebd80000,0x00000000ec178d00,0x00000000ec180000)
  to   space 4608K, 0% used [0x00000000eb900000,0x00000000eb900000,0x00000000ebd80000)
 ParOldGen       total 148992K, used 100796K [0x00000000c0000000, 0x00000000c9180000, 0x00000000eab00000)
  object space 148992K, 67% used [0x00000000c0000000,0x00000000c626f0f0,0x00000000c9180000)
 Metaspace       used 86214K, committed 87424K, reserved 1179648K
  class space    used 9595K, committed 10112K, reserved 1048576K
}
Event: 12065.213 GC heap after
{Heap after GC invocations=97 (full 7):
 PSYoungGen      total 17408K, used 3065K [0x00000000eab00000, 0x00000000ec000000, 0x0000000100000000)
  eden space 14336K, 0% used [0x00000000eab00000,0x00000000eab00000,0x00000000eb900000)
  from space 3072K, 99% used [0x00000000eb900000,0x00000000ebbfe410,0x00000000ebc00000)
  to   space 3584K, 0% used [0x00000000ebc80000,0x00000000ebc80000,0x00000000ec000000)
 ParOldGen       total 148992K, used 102816K [0x00000000c0000000, 0x00000000c9180000, 0x00000000eab00000)
  object space 148992K, 69% used [0x00000000c0000000,0x00000000c6468370,0x00000000c9180000)
 Metaspace       used 86214K, committed 87424K, reserved 1179648K
  class space    used 9595K, committed 10112K, reserved 1048576K
}
Event: 12065.285 GC heap before
{Heap before GC invocations=98 (full 7):
 PSYoungGen      total 17408K, used 17401K [0x00000000eab00000, 0x00000000ec000000, 0x0000000100000000)
  eden space 14336K, 100% used [0x00000000eab00000,0x00000000eb900000,0x00000000eb900000)
  from space 3072K, 99% used [0x00000000eb900000,0x00000000ebbfe410,0x00000000ebc00000)
  to   space 3584K, 0% used [0x00000000ebc80000,0x00000000ebc80000,0x00000000ec000000)
 ParOldGen       total 148992K, used 102816K [0x00000000c0000000, 0x00000000c9180000, 0x00000000eab00000)
  object space 148992K, 69% used [0x00000000c0000000,0x00000000c6468370,0x00000000c9180000)
 Metaspace       used 86358K, committed 87552K, reserved 1179648K
  class space    used 9599K, committed 10112K, reserved 1048576K
}
Event: 12065.288 GC heap after
{Heap after GC invocations=98 (full 7):
 PSYoungGen      total 17408K, used 3554K [0x00000000eab00000, 0x00000000ec100000, 0x0000000100000000)
  eden space 13824K, 0% used [0x00000000eab00000,0x00000000eab00000,0x00000000eb880000)
  from space 3584K, 99% used [0x00000000ebc80000,0x00000000ebff89a0,0x00000000ec000000)
  to   space 4096K, 0% used [0x00000000eb880000,0x00000000eb880000,0x00000000ebc80000)
 ParOldGen       total 148992K, used 103080K [0x00000000c0000000, 0x00000000c9180000, 0x00000000eab00000)
  object space 148992K, 69% used [0x00000000c0000000,0x00000000c64aa370,0x00000000c9180000)
 Metaspace       used 86358K, committed 87552K, reserved 1179648K
  class space    used 9599K, committed 10112K, reserved 1048576K
}

