# JRE version: OpenJDK Runtime Environment Temurin-17.0.9+9 (17.0.9+9) (build 17.0.9+9)
# Java VM: OpenJDK 64-Bit Server VM Temurin-17.0.9+9 (17.0.9+9, mixed mode, emulated-client, tiered, compressed oops, compressed class ptrs, g1 gc, windows-amd64)
GC Precious Log:
 CPUs: 20 total, 20 available
 Memory: 16068M
 Large Page Support: Disabled
 NUMA Support: Disabled
 Compressed Oops: Enabled (32-bit)
 Heap Region Size: 1M
 Heap Min Capacity: 8M
 Heap Initial Capacity: 252M
 Heap Max Capacity: 1G
 Pre-touch: Disabled
 Parallel Workers: 15
 Concurrent Workers: 4
 Concurrent Refinement Workers: 15
 Periodic GC: Disabled
Heap:
 garbage-first heap   total 81920K, used 24394K [0x00000000c0000000, 0x0000000100000000)
  region size 1024K, 1 young (1024K), 0 survivors (0K)
 Metaspace       used 47476K, committed 48128K, reserved 1114112K
  class space    used 6110K, committed 6400K, reserved 1048576K
GC Heap History (20 events):
Event: 1170.145 GC heap before
{Heap before GC invocations=121 (full 111):
 garbage-first heap   total 81920K, used 24394K [0x00000000c0000000, 0x0000000100000000)
  region size 1024K, 1 young (1024K), 0 survivors (0K)
 Metaspace       used 47476K, committed 48128K, reserved 1114112K
  class space    used 6110K, committed 6400K, reserved 1048576K
}
Event: 1170.177 GC heap after
{Heap after GC invocations=122 (full 112):
 garbage-first heap   total 81920K, used 24394K [0x00000000c0000000, 0x0000000100000000)
  region size 1024K, 0 young (0K), 0 survivors (0K)
 Metaspace       used 47476K, committed 48128K, reserved 1114112K
  class space    used 6110K, committed 6400K, reserved 1048576K
}
Event: 1180.318 GC heap before
{Heap before GC invocations=122 (full 112):
 garbage-first heap   total 81920K, used 24394K [0x00000000c0000000, 0x0000000100000000)
  region size 1024K, 1 young (1024K), 0 survivors (0K)
 Metaspace       used 47476K, committed 48128K, reserved 1114112K
  class space    used 6110K, committed 6400K, reserved 1048576K
}
Event: 1180.347 GC heap after
{Heap after GC invocations=123 (full 113):
 garbage-first heap   total 81920K, used 24394K [0x00000000c0000000, 0x0000000100000000)
  region size 1024K, 0 young (0K), 0 survivors (0K)
 Metaspace       used 47476K, committed 48128K, reserved 1114112K
  class space    used 6110K, committed 6400K, reserved 1048576K
}
Event: 1190.452 GC heap before
{Heap before GC invocations=123 (full 113):
 garbage-first heap   total 81920K, used 24394K [0x00000000c0000000, 0x0000000100000000)
  region size 1024K, 1 young (1024K), 0 survivors (0K)
 Metaspace       used 47476K, committed 48128K, reserved 1114112K
  class space    used 6110K, committed 6400K, reserved 1048576K
}
Event: 1190.480 GC heap after
{Heap after GC invocations=124 (full 114):
 garbage-first heap   total 81920K, used 24394K [0x00000000c0000000, 0x0000000100000000)
  region size 1024K, 0 young (0K), 0 survivors (0K)
 Metaspace       used 47476K, committed 48128K, reserved 1114112K
  class space    used 6110K, committed 6400K, reserved 1048576K
}
Event: 1200.640 GC heap before
{Heap before GC invocations=124 (full 114):
 garbage-first heap   total 81920K, used 24394K [0x00000000c0000000, 0x0000000100000000)
  region size 1024K, 1 young (1024K), 0 survivors (0K)
 Metaspace       used 47476K, committed 48128K, reserved 1114112K
  class space    used 6110K, committed 6400K, reserved 1048576K
}
Event: 1200.674 GC heap after
{Heap after GC invocations=125 (full 115):
 garbage-first heap   total 81920K, used 24394K [0x00000000c0000000, 0x0000000100000000)
  region size 1024K, 0 young (0K), 0 survivors (0K)
 Metaspace       used 47476K, committed 48128K, reserved 1114112K
  class space    used 6110K, committed 6400K, reserved 1048576K
}
Event: 1210.804 GC heap before
{Heap before GC invocations=125 (full 115):
 garbage-first heap   total 81920K, used 24394K [0x00000000c0000000, 0x0000000100000000)
  region size 1024K, 1 young (1024K), 0 survivors (0K)
 Metaspace       used 47476K, committed 48128K, reserved 1114112K
  class space    used 6110K, committed 6400K, reserved 1048576K
}
Event: 1210.830 GC heap after
{Heap after GC invocations=126 (full 116):
 garbage-first heap   total 81920K, used 24394K [0x00000000c0000000, 0x0000000100000000)
  region size 1024K, 0 young (0K), 0 survivors (0K)
 Metaspace       used 47476K, committed 48128K, reserved 1114112K
  class space    used 6110K, committed 6400K, reserved 1048576K
}
Event: 1220.977 GC heap before
{Heap before GC invocations=126 (full 116):
 garbage-first heap   total 81920K, used 24394K [0x00000000c0000000, 0x0000000100000000)
  region size 1024K, 1 young (1024K), 0 survivors (0K)
 Metaspace       used 47476K, committed 48128K, reserved 1114112K
  class space    used 6110K, committed 6400K, reserved 1048576K
}
Event: 1221.013 GC heap after
{Heap after GC invocations=127 (full 117):
 garbage-first heap   total 81920K, used 24394K [0x00000000c0000000, 0x0000000100000000)
  region size 1024K, 0 young (0K), 0 survivors (0K)
 Metaspace       used 47476K, committed 48128K, reserved 1114112K
  class space    used 6110K, committed 6400K, reserved 1048576K
}
Event: 1231.146 GC heap before
{Heap before GC invocations=127 (full 117):
 garbage-first heap   total 81920K, used 24394K [0x00000000c0000000, 0x0000000100000000)
  region size 1024K, 1 young (1024K), 0 survivors (0K)
 Metaspace       used 47476K, committed 48128K, reserved 1114112K
  class space    used 6110K, committed 6400K, reserved 1048576K
}
Event: 1231.180 GC heap after
{Heap after GC invocations=128 (full 118):
 garbage-first heap   total 81920K, used 24394K [0x00000000c0000000, 0x0000000100000000)
  region size 1024K, 0 young (0K), 0 survivors (0K)
 Metaspace       used 47476K, committed 48128K, reserved 1114112K
  class space    used 6110K, committed 6400K, reserved 1048576K
}
Event: 1241.334 GC heap before
{Heap before GC invocations=128 (full 118):
 garbage-first heap   total 81920K, used 24394K [0x00000000c0000000, 0x0000000100000000)
  region size 1024K, 1 young (1024K), 0 survivors (0K)
 Metaspace       used 47476K, committed 48128K, reserved 1114112K
  class space    used 6110K, committed 6400K, reserved 1048576K
}
Event: 1241.351 GC heap after
{Heap after GC invocations=129 (full 119):
 garbage-first heap   total 81920K, used 24394K [0x00000000c0000000, 0x0000000100000000)
  region size 1024K, 0 young (0K), 0 survivors (0K)
 Metaspace       used 47476K, committed 48128K, reserved 1114112K
  class space    used 6110K, committed 6400K, reserved 1048576K
}
Event: 1251.554 GC heap before
{Heap before GC invocations=129 (full 119):
 garbage-first heap   total 81920K, used 24394K [0x00000000c0000000, 0x0000000100000000)
  region size 1024K, 1 young (1024K), 0 survivors (0K)
 Metaspace       used 47476K, committed 48128K, reserved 1114112K
  class space    used 6110K, committed 6400K, reserved 1048576K
}
Event: 1251.596 GC heap after
{Heap after GC invocations=130 (full 120):
 garbage-first heap   total 81920K, used 24394K [0x00000000c0000000, 0x0000000100000000)
  region size 1024K, 0 young (0K), 0 survivors (0K)
 Metaspace       used 47476K, committed 48128K, reserved 1114112K
  class space    used 6110K, committed 6400K, reserved 1048576K
}
Event: 1261.733 GC heap before
{Heap before GC invocations=130 (full 120):
 garbage-first heap   total 81920K, used 24394K [0x00000000c0000000, 0x0000000100000000)
  region size 1024K, 1 young (1024K), 0 survivors (0K)
 Metaspace       used 47476K, committed 48128K, reserved 1114112K
  class space    used 6110K, committed 6400K, reserved 1048576K
}
Event: 1261.760 GC heap after
{Heap after GC invocations=131 (full 121):
 garbage-first heap   total 81920K, used 24394K [0x00000000c0000000, 0x0000000100000000)
  region size 1024K, 0 young (0K), 0 survivors (0K)
 Metaspace       used 47476K, committed 48128K, reserved 1114112K
  class space    used 6110K, committed 6400K, reserved 1048576K
}

